Started at Wed Jun 29 08:18:38 UTC 2022
Processing ansible-test
Offering ansible-test to Project Build Discarder
Processing db-backup-to-aws
Offering db-backup-to-aws to Project Build Discarder
Processing my-first-job
Offering my-first-job to Project Build Discarder
Processing remote-task
Offering remote-task to Project Build Discarder
Finished at Wed Jun 29 08:18:38 UTC 2022. 7ms
Started at Wed Jun 29 09:18:38 UTC 2022
Processing ansible-test
Offering ansible-test to Project Build Discarder
Processing db-backup-to-aws
Offering db-backup-to-aws to Project Build Discarder
Processing my-first-job
Offering my-first-job to Project Build Discarder
Processing remote-task
Offering remote-task to Project Build Discarder
Finished at Wed Jun 29 09:18:38 UTC 2022. 2ms
Started at Wed Jun 29 10:18:38 UTC 2022
Processing ansible-test
Offering ansible-test to Project Build Discarder
Processing db-backup-to-aws
Offering db-backup-to-aws to Project Build Discarder
Processing my-first-job
Offering my-first-job to Project Build Discarder
Processing remote-task
Offering remote-task to Project Build Discarder
Finished at Wed Jun 29 10:18:38 UTC 2022. 2ms
Started at Wed Jun 29 11:18:38 UTC 2022
Processing ansible-test
Offering ansible-test to Project Build Discarder
Processing db-backup-to-aws
Offering db-backup-to-aws to Project Build Discarder
Processing my-first-job
Offering my-first-job to Project Build Discarder
Processing remote-task
Offering remote-task to Project Build Discarder
Finished at Wed Jun 29 11:18:38 UTC 2022. 2ms
Started at Wed Jun 29 12:18:38 UTC 2022
Processing ansible-test
Offering ansible-test to Project Build Discarder
Processing db-backup-to-aws
Offering db-backup-to-aws to Project Build Discarder
Processing my-first-job
Offering my-first-job to Project Build Discarder
Processing remote-task
Offering remote-task to Project Build Discarder
Finished at Wed Jun 29 12:18:38 UTC 2022. 2ms
Started at Wed Jun 29 13:18:38 UTC 2022
Processing ansible-test
Offering ansible-test to Project Build Discarder
Processing db-backup-to-aws
Offering db-backup-to-aws to Project Build Discarder
Processing my-first-job
Offering my-first-job to Project Build Discarder
Processing remote-task
Offering remote-task to Project Build Discarder
Finished at Wed Jun 29 13:18:38 UTC 2022. 16ms
